<?xml version="1.0" encoding="UTF-8"?>
<testsuite xmlns:xsi="http://www.w3.org/2001/XMLSchema-instance" xsi:noNamespaceSchemaLocation="https://maven.apache.org/surefire/maven-surefire-plugin/xsd/surefire-test-report-3.0.xsd" version="3.0" name="com.example.rbac.unit.UserServiceTest" time="5.637" tests="8" errors="0" skipped="0" failures="0">
  <properties>
[...]
</properties>
  <testcase name="shouldLoadUserWithCorrectAuthorities" classname="com.example.rbac.unit.UserServiceTest" time="0.795">
    <system-out><![CDATA[22:14:11.312 [main] INFO org.springframework.boot.test.context.SpringBootTestContextBootstrapper -- Found @SpringBootConfiguration com.example.rbac.SpringRbacApiApplication for test class com.example.rbac.unit.UserServiceTest
22:14:11.366 [main] INFO org.springframework.boot.devtools.restart.RestartApplicationListener -- Restart disabled due to context in which it is running

  .   ____          _            __ _ _
 /\\ / ___'_ __ _ _(_)_ __  __ _ \ \ \ \
( ( )\___ | '_ | '_| | '_ \/ _` | \ \ \ \
 \\/  ___)| |_)| | | | | || (_| |  ) ) ) )
  '  |____| .__|_| |_|_| |_\__, | / / / /
 =========|_|==============|___/=/_/_/_/
&amp#27;[32m :: Spring Boot :: &amp#27;[39m              &amp#27;[2m (v3.1.5)&amp#27;[0;39m

&amp#27;[2m2025-08-30T22:14:11.589+02:00&amp#27;[0;39m &amp#27;[32m INFO&amp#27;[0;39m &amp#27;[35m14638&amp#27;[0;39m &amp#27;[2m---&amp#27;[0;39m &amp#27;[2m[           main]&amp#27;[0;39m &amp#27;[36mcom.example.rbac.unit.UserServiceTest   &amp#27;[0;39m &amp#27;[2m:&amp#27;[0;39m Starting UserServiceTest using Java 24.0.1 with PID 14638 (started by nick in /Users/nick/Developer/spring-rbac-example/spring-rbac-api)
&amp#27;[2m2025-08-30T22:14:11.590+02:00&amp#27;[0;39m &amp#27;[32mDEBUG&amp#27;[0;39m &amp#27;[35m14638&amp#27;[0;39m &amp#27;[2m---&amp#27;[0;39m &amp#27;[2m[           main]&amp#27;[0;39m &amp#27;[36mcom.example.rbac.unit.UserServiceTest   &amp#27;[0;39m &amp#27;[2m:&amp#27;[0;39m Running with Spring Boot v3.1.5, Spring v6.0.13
&amp#27;[2m2025-08-30T22:14:11.590+02:00&amp#27;[0;39m &amp#27;[32m INFO&amp#27;[0;39m &amp#27;[35m14638&amp#27;[0;39m &amp#27;[2m---&amp#27;[0;39m &amp#27;[2m[           main]&amp#27;[0;39m &amp#27;[36mcom.example.rbac.unit.UserServiceTest   &amp#27;[0;39m &amp#27;[2m:&amp#27;[0;39m No active profile set, falling back to 1 default profile: "default"
&amp#27;[2m2025-08-30T22:14:11.861+02:00&amp#27;[0;39m &amp#27;[32m INFO&amp#27;[0;39m &amp#27;[35m14638&amp#27;[0;39m &amp#27;[2m---&amp#27;[0;39m &amp#27;[2m[           main]&amp#27;[0;39m &amp#27;[36m.s.d.r.c.RepositoryConfigurationDelegate&amp#27;[0;39m &amp#27;[2m:&amp#27;[0;39m Bootstrapping Spring Data JPA repositories in DEFAULT mode.
&amp#27;[2m2025-08-30T22:14:11.901+02:00&amp#27;[0;39m &amp#27;[32m INFO&amp#27;[0;39m &amp#27;[35m14638&amp#27;[0;39m &amp#27;[2m---&amp#27;[0;39m &amp#27;[2m[           main]&amp#27;[0;39m &amp#27;[36m.s.d.r.c.RepositoryConfigurationDelegate&amp#27;[0;39m &amp#27;[2m:&amp#27;[0;39m Finished Spring Data repository scanning in 34 ms. Found 3 JPA repository interfaces.
&amp#27;[2m2025-08-30T22:14:11.941+02:00&amp#27;[0;39m &amp#27;[32m INFO&amp#27;[0;39m &amp#27;[35m14638&amp#27;[0;39m &amp#27;[2m---&amp#27;[0;39m &amp#27;[2m[           main]&amp#27;[0;39m &amp#27;[36mbeddedDataSourceBeanFactoryPostProcessor&amp#27;[0;39m &amp#27;[2m:&amp#27;[0;39m Replacing 'dataSource' DataSource bean with embedded version
&amp#27;[2m2025-08-30T22:14:12.077+02:00&amp#27;[0;39m &amp#27;[32m INFO&amp#27;[0;39m &amp#27;[35m14638&amp#27;[0;39m &amp#27;[2m---&amp#27;[0;39m &amp#27;[2m[           main]&amp#27;[0;39m &amp#27;[36mo.s.j.d.e.EmbeddedDatabaseFactory       &amp#27;[0;39m &amp#27;[2m:&amp#27;[0;39m Starting embedded database: url='jdbc:h2:mem:81fe6c14-1c05-4bcd-a7c1-0d8c83472b52;DB_CLOSE_DELAY=-1;DB_CLOSE_ON_EXIT=false', username='sa'
&amp#27;[2m2025-08-30T22:14:12.376+02:00&amp#27;[0;39m &amp#27;[32m INFO&amp#27;[0;39m &amp#27;[35m14638&amp#27;[0;39m &amp#27;[2m---&amp#27;[0;39m &amp#27;[2m[           main]&amp#27;[0;39m &amp#27;[36mo.hibernate.jpa.internal.util.LogHelper &amp#27;[0;39m &amp#27;[2m:&amp#27;[0;39m HHH000204: Processing PersistenceUnitInfo [name: default]
&amp#27;[2m2025-08-30T22:14:12.414+02:00&amp#27;[0;39m &amp#27;[32m INFO&amp#27;[0;39m &amp#27;[35m14638&amp#27;[0;39m &amp#27;[2m---&amp#27;[0;39m &amp#27;[2m[           main]&amp#27;[0;39m &amp#27;[36morg.hibernate.Version                   &amp#27;[0;39m &amp#27;[2m:&amp#27;[0;39m HHH000412: Hibernate ORM core version 6.2.13.Final
&amp#27;[2m2025-08-30T22:14:12.416+02:00&amp#27;[0;39m &amp#27;[32m INFO&amp#27;[0;39m &amp#27;[35m14638&amp#27;[0;39m &amp#27;[2m---&amp#27;[0;39m &amp#27;[2m[           main]&amp#27;[0;39m &amp#27;[36morg.hibernate.cfg.Environment           &amp#27;[0;39m &amp#27;[2m:&amp#27;[0;39m HHH000406: Using bytecode reflection optimizer
&amp#27;[2m2025-08-30T22:14:12.598+02:00&amp#27;[0;39m &amp#27;[32m INFO&amp#27;[0;39m &amp#27;[35m14638&amp#27;[0;39m &amp#27;[2m---&amp#27;[0;39m &amp#27;[2m[           main]&amp#27;[0;39m &amp#27;[36mo.s.o.j.p.SpringPersistenceUnitInfo     &amp#27;[0;39m &amp#27;[2m:&amp#27;[0;39m No LoadTimeWeaver setup: ignoring JPA class transformer
&amp#27;[2m2025-08-30T22:14:12.624+02:00&amp#27;[0;39m &amp#27;[33m WARN&amp#27;[0;39m &amp#27;[35m14638&amp#27;[0;39m &amp#27;[2m---&amp#27;[0;39m &amp#27;[2m[           main]&amp#27;[0;39m &amp#27;[36morg.hibernate.orm.deprecation           &amp#27;[0;39m &amp#27;[2m:&amp#27;[0;39m HHH90000025: H2Dialect does not need to be specified explicitly using 'hibernate.dialect' (remove the property setting and it will be selected by default)
&amp#27;[2m2025-08-30T22:14:13.091+02:00&amp#27;[0;39m &amp#27;[32m INFO&amp#27;[0;39m &amp#27;[35m14638&amp#27;[0;39m &amp#27;[2m---&amp#27;[0;39m &amp#27;[2m[           main]&amp#27;[0;39m &amp#27;[36mo.h.e.t.j.p.i.JtaPlatformInitiator      &amp#27;[0;39m &amp#27;[2m:&amp#27;[0;39m HHH000489: No JTA platform available (set 'hibernate.transaction.jta.platform' to enable JTA platform integration)
Hibernate: 
    drop table if exists audit_events cascade 
Hibernate: 
    drop table if exists roles cascade 
Hibernate: 
    drop table if exists user_roles cascade 
Hibernate: 
    drop table if exists users cascade 
Hibernate: 
    create table audit_events (
        id bigint generated by default as identity,
        resource_id bigint,
        timestamp timestamp(6) not null,
        status varchar(20),
        ip_address varchar(45),
        event_type varchar(50) not null,
        resource_type varchar(50),
        action varchar(100) not null,
        username varchar(100),
        details varchar(500),
        user_agent varchar(500),
        primary key (id)
    )
Hibernate: 
    create table roles (
        id bigint generated by default as identity,
        name varchar(50) not null unique,
        description varchar(255),
        primary key (id)
    )
Hibernate: 
    create table user_roles (
        role_id bigint not null,
        user_id bigint not null,
        primary key (role_id, user_id)
    )
Hibernate: 
    create table users (
        account_non_expired boolean not null,
        account_non_locked boolean not null,
        credentials_non_expired boolean not null,
        enabled boolean not null,
        created_at timestamp(6) not null,
        id bigint generated by default as identity,
        updated_at timestamp(6),
        username varchar(50) not null unique,
        email varchar(255) not null unique,
        password varchar(255) not null,
        primary key (id)
    )
Hibernate: 
    alter table if exists user_roles 
       add constraint FKh8ciramu9cc9q3qcqiv4ue8a6 
       foreign key (role_id) 
       references roles
Hibernate: 
    alter table if exists user_roles 
       add constraint FKhfh9dx7w3ubf1co1vdev94g3f 
       foreign key (user_id) 
       references users
&amp#27;[2m2025-08-30T22:14:13.116+02:00&amp#27;[0;39m &amp#27;[32m INFO&amp#27;[0;39m &amp#27;[35m14638&amp#27;[0;39m &amp#27;[2m---&amp#27;[0;39m &amp#27;[2m[           main]&amp#27;[0;39m &amp#27;[36mj.LocalContainerEntityManagerFactoryBean&amp#27;[0;39m &amp#27;[2m:&amp#27;[0;39m Initialized JPA EntityManagerFactory for persistence unit 'default'
Hibernate: 
    select
        r1_0.id 
    from
        roles r1_0 
    where
        r1_0.name=? 
    fetch
        first ? rows only
Hibernate: 
    insert 
    into
        roles
        (description,name,id) 
    values
        (?,?,default)
Hibernate: 
    select
        r1_0.id 
    from
        roles r1_0 
    where
        r1_0.name=? 
    fetch
        first ? rows only
Hibernate: 
    insert 
    into
        roles
        (description,name,id) 
    values
        (?,?,default)
&amp#27;[2m2025-08-30T22:14:13.510+02:00&amp#27;[0;39m &amp#27;[32m INFO&amp#27;[0;39m &amp#27;[35m14638&amp#27;[0;39m &amp#27;[2m---&amp#27;[0;39m &amp#27;[2m[           main]&amp#27;[0;39m &amp#27;[36mo.s.d.j.r.query.QueryEnhancerFactory    &amp#27;[0;39m &amp#27;[2m:&amp#27;[0;39m Hibernate is in classpath; If applicable, HQL parser will be used.
&amp#27;[2m2025-08-30T22:14:13.851+02:00&amp#27;[0;39m &amp#27;[32m INFO&amp#27;[0;39m &amp#27;[35m14638&amp#27;[0;39m &amp#27;[2m---&amp#27;[0;39m &amp#27;[2m[           main]&amp#27;[0;39m &amp#27;[36mcom.example.rbac.unit.UserServiceTest   &amp#27;[0;39m &amp#27;[2m:&amp#27;[0;39m Started UserServiceTest in 2.49 seconds (process running for 3.157)
Hibernate: 
    select
        u1_0.id,
        u1_0.account_non_expired,
        u1_0.account_non_locked,
        u1_0.created_at,
        u1_0.credentials_non_expired,
        u1_0.email,
        u1_0.enabled,
        u1_0.password,
        u1_0.updated_at,
        u1_0.username 
    from
        users u1_0
Hibernate: 
    select
        r1_0.id,
        r1_0.description,
        r1_0.name 
    from
        roles r1_0
Hibernate: 
    delete 
    from
        roles 
    where
        id=?
Hibernate: 
    delete 
    from
        roles 
    where
        id=?
Hibernate: 
    select
        r1_0.id,
        r1_0.description,
        r1_0.name 
    from
        roles r1_0 
    where
        r1_0.name=?
Hibernate: 
    insert 
    into
        roles
        (description,name,id) 
    values
        (?,?,default)
Hibernate: 
    select
        r1_0.id,
        r1_0.description,
        r1_0.name 
    from
        roles r1_0 
    where
        r1_0.name=?
Hibernate: 
    insert 
    into
        roles
        (description,name,id) 
    values
        (?,?,default)
Hibernate: 
    select
        r1_0.id,
        r1_0.description,
        r1_0.name 
    from
        roles r1_0 
    where
        r1_0.name=?
Hibernate: 
    insert 
    into
        roles
        (description,name,id) 
    values
        (?,?,default)
Hibernate: 
    select
        u1_0.id 
    from
        users u1_0 
    where
        u1_0.username=? 
    fetch
        first ? rows only
Hibernate: 
    insert 
    into
        users
        (account_non_expired,account_non_locked,created_at,credentials_non_expired,email,enabled,password,updated_at,username,id) 
    values
        (?,?,?,?,?,?,?,?,?,default)
Hibernate: 
    select
        u1_0.id 
    from
        users u1_0 
    where
        u1_0.username=? 
    fetch
        first ? rows only
Hibernate: 
    insert 
    into
        users
        (account_non_expired,account_non_locked,created_at,credentials_non_expired,email,enabled,password,updated_at,username,id) 
    values
        (?,?,?,?,?,?,?,?,?,default)
Hibernate: 
    select
        u1_0.id 
    from
        users u1_0 
    where
        u1_0.username=? 
    fetch
        first ? rows only
Hibernate: 
    insert 
    into
        users
        (account_non_expired,account_non_locked,created_at,credentials_non_expired,email,enabled,password,updated_at,username,id) 
    values
        (?,?,?,?,?,?,?,?,?,default)
Hibernate: 
    select
        u1_0.id,
        u1_0.account_non_expired,
        u1_0.account_non_locked,
        u1_0.created_at,
        u1_0.credentials_non_expired,
        u1_0.email,
        u1_0.enabled,
        u1_0.password,
        u1_0.updated_at,
        u1_0.username 
    from
        users u1_0 
    where
        u1_0.username=?
]]></system-out>
    <system-err><![CDATA[WARNING: A Java agent has been loaded dynamically (/Users/nick/.m2/repository/net/bytebuddy/byte-buddy-agent/1.14.9/byte-buddy-agent-1.14.9.jar)
WARNING: If a serviceability tool is in use, please run with -XX:+EnableDynamicAgentLoading to hide this warning
WARNING: If a serviceability tool is not in use, please run with -Djdk.instrument.traceUsage for more information
WARNING: Dynamic loading of agents will be disallowed by default in a future release
]]></system-err>
  </testcase>
  <testcase name="shouldLoadModeratorWithCorrectAuthorities" classname="com.example.rbac.unit.UserServiceTest" time="0.259">
    <system-out><![CDATA[Hibernate: 
    select
        u1_0.id,
        u1_0.account_non_expired,
        u1_0.account_non_locked,
        u1_0.created_at,
        u1_0.credentials_non_expired,
        u1_0.email,
        u1_0.enabled,
        u1_0.password,
        u1_0.updated_at,
        u1_0.username 
    from
        users u1_0
Hibernate: 
    select
        r1_0.id,
        r1_0.description,
        r1_0.name 
    from
        roles r1_0
Hibernate: 
    delete 
    from
        roles 
    where
        id=?
Hibernate: 
    delete 
    from
        roles 
    where
        id=?
Hibernate: 
    select
        r1_0.id,
        r1_0.description,
        r1_0.name 
    from
        roles r1_0 
    where
        r1_0.name=?
Hibernate: 
    insert 
    into
        roles
        (description,name,id) 
    values
        (?,?,default)
Hibernate: 
    select
        r1_0.id,
        r1_0.description,
        r1_0.name 
    from
        roles r1_0 
    where
        r1_0.name=?
Hibernate: 
    insert 
    into
        roles
        (description,name,id) 
    values
        (?,?,default)
Hibernate: 
    select
        r1_0.id,
        r1_0.description,
        r1_0.name 
    from
        roles r1_0 
    where
        r1_0.name=?
Hibernate: 
    insert 
    into
        roles
        (description,name,id) 
    values
        (?,?,default)
Hibernate: 
    select
        u1_0.id 
    from
        users u1_0 
    where
        u1_0.username=? 
    fetch
        first ? rows only
Hibernate: 
    insert 
    into
        users
        (account_non_expired,account_non_locked,created_at,credentials_non_expired,email,enabled,password,updated_at,username,id) 
    values
        (?,?,?,?,?,?,?,?,?,default)
Hibernate: 
    select
        u1_0.id 
    from
        users u1_0 
    where
        u1_0.username=? 
    fetch
        first ? rows only
Hibernate: 
    insert 
    into
        users
        (account_non_expired,account_non_locked,created_at,credentials_non_expired,email,enabled,password,updated_at,username,id) 
    values
        (?,?,?,?,?,?,?,?,?,default)
Hibernate: 
    select
        u1_0.id 
    from
        users u1_0 
    where
        u1_0.username=? 
    fetch
        first ? rows only
Hibernate: 
    insert 
    into
        users
        (account_non_expired,account_non_locked,created_at,credentials_non_expired,email,enabled,password,updated_at,username,id) 
    values
        (?,?,?,?,?,?,?,?,?,default)
Hibernate: 
    select
        u1_0.id,
        u1_0.account_non_expired,
        u1_0.account_non_locked,
        u1_0.created_at,
        u1_0.credentials_non_expired,
        u1_0.email,
        u1_0.enabled,
        u1_0.password,
        u1_0.updated_at,
        u1_0.username 
    from
        users u1_0 
    where
        u1_0.username=?
]]></system-out>
  </testcase>
  <testcase name="shouldCreateUserWithEncryptedPassword" classname="com.example.rbac.unit.UserServiceTest" time="0.439">
    <system-out><![CDATA[Hibernate: 
    select
        u1_0.id,
        u1_0.account_non_expired,
        u1_0.account_non_locked,
        u1_0.created_at,
        u1_0.credentials_non_expired,
        u1_0.email,
        u1_0.enabled,
        u1_0.password,
        u1_0.updated_at,
        u1_0.username 
    from
        users u1_0
Hibernate: 
    select
        r1_0.id,
        r1_0.description,
        r1_0.name 
    from
        roles r1_0
Hibernate: 
    delete 
    from
        roles 
    where
        id=?
Hibernate: 
    delete 
    from
        roles 
    where
        id=?
Hibernate: 
    select
        r1_0.id,
        r1_0.description,
        r1_0.name 
    from
        roles r1_0 
    where
        r1_0.name=?
Hibernate: 
    insert 
    into
        roles
        (description,name,id) 
    values
        (?,?,default)
Hibernate: 
    select
        r1_0.id,
        r1_0.description,
        r1_0.name 
    from
        roles r1_0 
    where
        r1_0.name=?
Hibernate: 
    insert 
    into
        roles
        (description,name,id) 
    values
        (?,?,default)
Hibernate: 
    select
        r1_0.id,
        r1_0.description,
        r1_0.name 
    from
        roles r1_0 
    where
        r1_0.name=?
Hibernate: 
    insert 
    into
        roles
        (description,name,id) 
    values
        (?,?,default)
Hibernate: 
    select
        u1_0.id 
    from
        users u1_0 
    where
        u1_0.username=? 
    fetch
        first ? rows only
Hibernate: 
    insert 
    into
        users
        (account_non_expired,account_non_locked,created_at,credentials_non_expired,email,enabled,password,updated_at,username,id) 
    values
        (?,?,?,?,?,?,?,?,?,default)
Hibernate: 
    select
        u1_0.id 
    from
        users u1_0 
    where
        u1_0.username=? 
    fetch
        first ? rows only
Hibernate: 
    insert 
    into
        users
        (account_non_expired,account_non_locked,created_at,credentials_non_expired,email,enabled,password,updated_at,username,id) 
    values
        (?,?,?,?,?,?,?,?,?,default)
Hibernate: 
    select
        u1_0.id 
    from
        users u1_0 
    where
        u1_0.username=? 
    fetch
        first ? rows only
Hibernate: 
    insert 
    into
        users
        (account_non_expired,account_non_locked,created_at,credentials_non_expired,email,enabled,password,updated_at,username,id) 
    values
        (?,?,?,?,?,?,?,?,?,default)
Hibernate: 
    select
        r1_0.id,
        r1_0.description,
        r1_0.name 
    from
        roles r1_0 
    where
        r1_0.name=?
Hibernate: 
    insert 
    into
        users
        (account_non_expired,account_non_locked,created_at,credentials_non_expired,email,enabled,password,updated_at,username,id) 
    values
        (?,?,?,?,?,?,?,?,?,default)
]]></system-out>
  </testcase>
  <testcase name="shouldCheckUserHasAnyRole" classname="com.example.rbac.unit.UserServiceTest" time="0.381">
    <system-out><![CDATA[Hibernate: 
    select
        u1_0.id,
        u1_0.account_non_expired,
        u1_0.account_non_locked,
        u1_0.created_at,
        u1_0.credentials_non_expired,
        u1_0.email,
        u1_0.enabled,
        u1_0.password,
        u1_0.updated_at,
        u1_0.username 
    from
        users u1_0
Hibernate: 
    select
        r1_0.id,
        r1_0.description,
        r1_0.name 
    from
        roles r1_0
Hibernate: 
    delete 
    from
        roles 
    where
        id=?
Hibernate: 
    delete 
    from
        roles 
    where
        id=?
Hibernate: 
    select
        r1_0.id,
        r1_0.description,
        r1_0.name 
    from
        roles r1_0 
    where
        r1_0.name=?
Hibernate: 
    insert 
    into
        roles
        (description,name,id) 
    values
        (?,?,default)
Hibernate: 
    select
        r1_0.id,
        r1_0.description,
        r1_0.name 
    from
        roles r1_0 
    where
        r1_0.name=?
Hibernate: 
    insert 
    into
        roles
        (description,name,id) 
    values
        (?,?,default)
Hibernate: 
    select
        r1_0.id,
        r1_0.description,
        r1_0.name 
    from
        roles r1_0 
    where
        r1_0.name=?
Hibernate: 
    insert 
    into
        roles
        (description,name,id) 
    values
        (?,?,default)
Hibernate: 
    select
        u1_0.id 
    from
        users u1_0 
    where
        u1_0.username=? 
    fetch
        first ? rows only
Hibernate: 
    insert 
    into
        users
        (account_non_expired,account_non_locked,created_at,credentials_non_expired,email,enabled,password,updated_at,username,id) 
    values
        (?,?,?,?,?,?,?,?,?,default)
Hibernate: 
    select
        u1_0.id 
    from
        users u1_0 
    where
        u1_0.username=? 
    fetch
        first ? rows only
Hibernate: 
    insert 
    into
        users
        (account_non_expired,account_non_locked,created_at,credentials_non_expired,email,enabled,password,updated_at,username,id) 
    values
        (?,?,?,?,?,?,?,?,?,default)
Hibernate: 
    select
        u1_0.id 
    from
        users u1_0 
    where
        u1_0.username=? 
    fetch
        first ? rows only
Hibernate: 
    insert 
    into
        users
        (account_non_expired,account_non_locked,created_at,credentials_non_expired,email,enabled,password,updated_at,username,id) 
    values
        (?,?,?,?,?,?,?,?,?,default)
Hibernate: 
    select
        u1_0.id,
        u1_0.account_non_expired,
        u1_0.account_non_locked,
        u1_0.created_at,
        u1_0.credentials_non_expired,
        u1_0.email,
        u1_0.enabled,
        u1_0.password,
        u1_0.updated_at,
        u1_0.username 
    from
        users u1_0 
    where
        u1_0.username=?
]]></system-out>
  </testcase>
  <testcase name="shouldLoadRegularUserWithLimitedAuthorities" classname="com.example.rbac.unit.UserServiceTest" time="0.246">
    <system-out><![CDATA[Hibernate: 
    select
        u1_0.id,
        u1_0.account_non_expired,
        u1_0.account_non_locked,
        u1_0.created_at,
        u1_0.credentials_non_expired,
        u1_0.email,
        u1_0.enabled,
        u1_0.password,
        u1_0.updated_at,
        u1_0.username 
    from
        users u1_0
Hibernate: 
    select
        r1_0.id,
        r1_0.description,
        r1_0.name 
    from
        roles r1_0
Hibernate: 
    delete 
    from
        roles 
    where
        id=?
Hibernate: 
    delete 
    from
        roles 
    where
        id=?
Hibernate: 
    select
        r1_0.id,
        r1_0.description,
        r1_0.name 
    from
        roles r1_0 
    where
        r1_0.name=?
Hibernate: 
    insert 
    into
        roles
        (description,name,id) 
    values
        (?,?,default)
Hibernate: 
    select
        r1_0.id,
        r1_0.description,
        r1_0.name 
    from
        roles r1_0 
    where
        r1_0.name=?
Hibernate: 
    insert 
    into
        roles
        (description,name,id) 
    values
        (?,?,default)
Hibernate: 
    select
        r1_0.id,
        r1_0.description,
        r1_0.name 
    from
        roles r1_0 
    where
        r1_0.name=?
Hibernate: 
    insert 
    into
        roles
        (description,name,id) 
    values
        (?,?,default)
Hibernate: 
    select
        u1_0.id 
    from
        users u1_0 
    where
        u1_0.username=? 
    fetch
        first ? rows only
Hibernate: 
    insert 
    into
        users
        (account_non_expired,account_non_locked,created_at,credentials_non_expired,email,enabled,password,updated_at,username,id) 
    values
        (?,?,?,?,?,?,?,?,?,default)
Hibernate: 
    select
        u1_0.id 
    from
        users u1_0 
    where
        u1_0.username=? 
    fetch
        first ? rows only
Hibernate: 
    insert 
    into
        users
        (account_non_expired,account_non_locked,created_at,credentials_non_expired,email,enabled,password,updated_at,username,id) 
    values
        (?,?,?,?,?,?,?,?,?,default)
Hibernate: 
    select
        u1_0.id 
    from
        users u1_0 
    where
        u1_0.username=? 
    fetch
        first ? rows only
Hibernate: 
    insert 
    into
        users
        (account_non_expired,account_non_locked,created_at,credentials_non_expired,email,enabled,password,updated_at,username,id) 
    values
        (?,?,?,?,?,?,?,?,?,default)
Hibernate: 
    select
        u1_0.id,
        u1_0.account_non_expired,
        u1_0.account_non_locked,
        u1_0.created_at,
        u1_0.credentials_non_expired,
        u1_0.email,
        u1_0.enabled,
        u1_0.password,
        u1_0.updated_at,
        u1_0.username 
    from
        users u1_0 
    where
        u1_0.username=?
]]></system-out>
  </testcase>
  <testcase name="shouldThrowExceptionForNonExistentUser" classname="com.example.rbac.unit.UserServiceTest" time="0.24">
    <system-out><![CDATA[Hibernate: 
    select
        u1_0.id,
        u1_0.account_non_expired,
        u1_0.account_non_locked,
        u1_0.created_at,
        u1_0.credentials_non_expired,
        u1_0.email,
        u1_0.enabled,
        u1_0.password,
        u1_0.updated_at,
        u1_0.username 
    from
        users u1_0
Hibernate: 
    select
        r1_0.id,
        r1_0.description,
        r1_0.name 
    from
        roles r1_0
Hibernate: 
    delete 
    from
        roles 
    where
        id=?
Hibernate: 
    delete 
    from
        roles 
    where
        id=?
Hibernate: 
    select
        r1_0.id,
        r1_0.description,
        r1_0.name 
    from
        roles r1_0 
    where
        r1_0.name=?
Hibernate: 
    insert 
    into
        roles
        (description,name,id) 
    values
        (?,?,default)
Hibernate: 
    select
        r1_0.id,
        r1_0.description,
        r1_0.name 
    from
        roles r1_0 
    where
        r1_0.name=?
Hibernate: 
    insert 
    into
        roles
        (description,name,id) 
    values
        (?,?,default)
Hibernate: 
    select
        r1_0.id,
        r1_0.description,
        r1_0.name 
    from
        roles r1_0 
    where
        r1_0.name=?
Hibernate: 
    insert 
    into
        roles
        (description,name,id) 
    values
        (?,?,default)
Hibernate: 
    select
        u1_0.id 
    from
        users u1_0 
    where
        u1_0.username=? 
    fetch
        first ? rows only
Hibernate: 
    insert 
    into
        users
        (account_non_expired,account_non_locked,created_at,credentials_non_expired,email,enabled,password,updated_at,username,id) 
    values
        (?,?,?,?,?,?,?,?,?,default)
Hibernate: 
    select
        u1_0.id 
    from
        users u1_0 
    where
        u1_0.username=? 
    fetch
        first ? rows only
Hibernate: 
    insert 
    into
        users
        (account_non_expired,account_non_locked,created_at,credentials_non_expired,email,enabled,password,updated_at,username,id) 
    values
        (?,?,?,?,?,?,?,?,?,default)
Hibernate: 
    select
        u1_0.id 
    from
        users u1_0 
    where
        u1_0.username=? 
    fetch
        first ? rows only
Hibernate: 
    insert 
    into
        users
        (account_non_expired,account_non_locked,created_at,credentials_non_expired,email,enabled,password,updated_at,username,id) 
    values
        (?,?,?,?,?,?,?,?,?,default)
Hibernate: 
    select
        u1_0.id,
        u1_0.account_non_expired,
        u1_0.account_non_locked,
        u1_0.created_at,
        u1_0.credentials_non_expired,
        u1_0.email,
        u1_0.enabled,
        u1_0.password,
        u1_0.updated_at,
        u1_0.username 
    from
        users u1_0 
    where
        u1_0.username=?
]]></system-out>
  </testcase>
  <testcase name="shouldCheckUserHasRole" classname="com.example.rbac.unit.UserServiceTest" time="0.241">
    <system-out><![CDATA[Hibernate: 
    select
        u1_0.id,
        u1_0.account_non_expired,
        u1_0.account_non_locked,
        u1_0.created_at,
        u1_0.credentials_non_expired,
        u1_0.email,
        u1_0.enabled,
        u1_0.password,
        u1_0.updated_at,
        u1_0.username 
    from
        users u1_0
Hibernate: 
    select
        r1_0.id,
        r1_0.description,
        r1_0.name 
    from
        roles r1_0
Hibernate: 
    delete 
    from
        roles 
    where
        id=?
Hibernate: 
    delete 
    from
        roles 
    where
        id=?
Hibernate: 
    select
        r1_0.id,
        r1_0.description,
        r1_0.name 
    from
        roles r1_0 
    where
        r1_0.name=?
Hibernate: 
    insert 
    into
        roles
        (description,name,id) 
    values
        (?,?,default)
Hibernate: 
    select
        r1_0.id,
        r1_0.description,
        r1_0.name 
    from
        roles r1_0 
    where
        r1_0.name=?
Hibernate: 
    insert 
    into
        roles
        (description,name,id) 
    values
        (?,?,default)
Hibernate: 
    select
        r1_0.id,
        r1_0.description,
        r1_0.name 
    from
        roles r1_0 
    where
        r1_0.name=?
Hibernate: 
    insert 
    into
        roles
        (description,name,id) 
    values
        (?,?,default)
Hibernate: 
    select
        u1_0.id 
    from
        users u1_0 
    where
        u1_0.username=? 
    fetch
        first ? rows only
Hibernate: 
    insert 
    into
        users
        (account_non_expired,account_non_locked,created_at,credentials_non_expired,email,enabled,password,updated_at,username,id) 
    values
        (?,?,?,?,?,?,?,?,?,default)
Hibernate: 
    select
        u1_0.id 
    from
        users u1_0 
    where
        u1_0.username=? 
    fetch
        first ? rows only
Hibernate: 
    insert 
    into
        users
        (account_non_expired,account_non_locked,created_at,credentials_non_expired,email,enabled,password,updated_at,username,id) 
    values
        (?,?,?,?,?,?,?,?,?,default)
Hibernate: 
    select
        u1_0.id 
    from
        users u1_0 
    where
        u1_0.username=? 
    fetch
        first ? rows only
Hibernate: 
    insert 
    into
        users
        (account_non_expired,account_non_locked,created_at,credentials_non_expired,email,enabled,password,updated_at,username,id) 
    values
        (?,?,?,?,?,?,?,?,?,default)
Hibernate: 
    select
        u1_0.id,
        u1_0.account_non_expired,
        u1_0.account_non_locked,
        u1_0.created_at,
        u1_0.credentials_non_expired,
        u1_0.email,
        u1_0.enabled,
        u1_0.password,
        u1_0.updated_at,
        u1_0.username 
    from
        users u1_0 
    where
        u1_0.username=?
]]></system-out>
  </testcase>
  <testcase name="shouldLoadUserByUsernameSuccessfully" classname="com.example.rbac.unit.UserServiceTest" time="0.242">
    <system-out><![CDATA[Hibernate: 
    select
        u1_0.id,
        u1_0.account_non_expired,
        u1_0.account_non_locked,
        u1_0.created_at,
        u1_0.credentials_non_expired,
        u1_0.email,
        u1_0.enabled,
        u1_0.password,
        u1_0.updated_at,
        u1_0.username 
    from
        users u1_0
Hibernate: 
    select
        r1_0.id,
        r1_0.description,
        r1_0.name 
    from
        roles r1_0
Hibernate: 
    delete 
    from
        roles 
    where
        id=?
Hibernate: 
    delete 
    from
        roles 
    where
        id=?
Hibernate: 
    select
        r1_0.id,
        r1_0.description,
        r1_0.name 
    from
        roles r1_0 
    where
        r1_0.name=?
Hibernate: 
    insert 
    into
        roles
        (description,name,id) 
    values
        (?,?,default)
Hibernate: 
    select
        r1_0.id,
        r1_0.description,
        r1_0.name 
    from
        roles r1_0 
    where
        r1_0.name=?
Hibernate: 
    insert 
    into
        roles
        (description,name,id) 
    values
        (?,?,default)
Hibernate: 
    select
        r1_0.id,
        r1_0.description,
        r1_0.name 
    from
        roles r1_0 
    where
        r1_0.name=?
Hibernate: 
    insert 
    into
        roles
        (description,name,id) 
    values
        (?,?,default)
Hibernate: 
    select
        u1_0.id 
    from
        users u1_0 
    where
        u1_0.username=? 
    fetch
        first ? rows only
Hibernate: 
    insert 
    into
        users
        (account_non_expired,account_non_locked,created_at,credentials_non_expired,email,enabled,password,updated_at,username,id) 
    values
        (?,?,?,?,?,?,?,?,?,default)
Hibernate: 
    select
        u1_0.id 
    from
        users u1_0 
    where
        u1_0.username=? 
    fetch
        first ? rows only
Hibernate: 
    insert 
    into
        users
        (account_non_expired,account_non_locked,created_at,credentials_non_expired,email,enabled,password,updated_at,username,id) 
    values
        (?,?,?,?,?,?,?,?,?,default)
Hibernate: 
    select
        u1_0.id 
    from
        users u1_0 
    where
        u1_0.username=? 
    fetch
        first ? rows only
Hibernate: 
    insert 
    into
        users
        (account_non_expired,account_non_locked,created_at,credentials_non_expired,email,enabled,password,updated_at,username,id) 
    values
        (?,?,?,?,?,?,?,?,?,default)
Hibernate: 
    select
        u1_0.id,
        u1_0.account_non_expired,
        u1_0.account_non_locked,
        u1_0.created_at,
        u1_0.credentials_non_expired,
        u1_0.email,
        u1_0.enabled,
        u1_0.password,
        u1_0.updated_at,
        u1_0.username 
    from
        users u1_0 
    where
        u1_0.username=?
]]></system-out>
  </testcase>
</testsuite>